<?xml version="1.0" encoding="UTF-8"?>
<testsuite name="Test different actions on a sandbox page." tests="2" skipped="0" failures="1" errors="0" timestamp="2024-05-29T02:51:32" hostname="CHRISTIAN" time="1.581">
  <properties/>
  <testcase name="As a Test Engineer, I try out different actions on a sandbox page." classname="Test different actions on a sandbox page." time="0.006">
    <failure message="io.cucumber.junit.UndefinedStepException: The step 'I navigate to the sandbox page' and 1 other step(s) are undefined.&#10;You can implement these steps using the snippet(s) below:&#10;&#10;@Given(&quot;I navigate to the sandbox page&quot;)&#10;public void i_navigate_to_the_sandbox_page() {&#10;    // Write code here that turns the phrase above into concrete actions&#10;    throw new io.cucumber.java.PendingException();&#10;}&#10;@Given(&quot;Select a value from the dropdown&quot;)&#10;public void select_a_value_from_the_dropdown() {&#10;    // Write code here that turns the phrase above into concrete actions&#10;    throw new io.cucumber.java.PendingException();&#10;}&#10;" type="io.cucumber.junit.UndefinedStepException">io.cucumber.junit.UndefinedStepException: The step 'I navigate to the sandbox page' and 1 other step(s) are undefined.
You can implement these steps using the snippet(s) below:

@Given(&quot;I navigate to the sandbox page&quot;)
public void i_navigate_to_the_sandbox_page() {
    // Write code here that turns the phrase above into concrete actions
    throw new io.cucumber.java.PendingException();
}
@Given(&quot;Select a value from the dropdown&quot;)
public void select_a_value_from_the_dropdown() {
    // Write code here that turns the phrase above into concrete actions
    throw new io.cucumber.java.PendingException();
}

</failure>
  </testcase>
  <testcase name="As a Test Engineer, I want to retrieve the value of an static table." classname="Test different actions on a sandbox page." time="1.575"/>
  <system-out><![CDATA[r: 2, c: 1
]]></system-out>
  <system-err><![CDATA[]]></system-err>
</testsuite>
