<?xml version="1.0" encoding="UTF-8"?>
<testsuite name="Test Google search functionality" tests="1" skipped="0" failures="0" errors="0" timestamp="2024-05-22T16:33:55" hostname="CHRISTIAN" time="2.742">
  <properties/>
  <testcase name="As a user I enter a search criteria in Google" classname="Test Google search functionality" time="2.742"/>
  <system-out><![CDATA[]]></system-out>
  <system-err><![CDATA[may. 22, 2024 12:33:57 P. M. org.openqa.selenium.devtools.CdpVersionFinder findNearestMatch
WARNING: Unable to find CDP implementation matching 125
may. 22, 2024 12:33:57 P. M. org.openqa.selenium.chromium.ChromiumDriver lambda$new$5
WARNING: Unable to find version of CDP to use for 125.0.6422.61. You may need to include a dependency on a specific version of the CDP using something similar to `org.seleniumhq.selenium:selenium-devtools-v86:4.14.1` where the version ("v86") matches the version of the chromium-based browser you're using and the version number of the artifact is the same as Selenium's.
]]></system-err>
</testsuite>
